{"/Users/alexanderkottner/Desktop/SIRIUS/CloudChallenge/test/test-prisma.service.ts": {"path":"/Users/alexanderkottner/Desktop/SIRIUS/CloudChallenge/test/test-prisma.service.ts","statementMap":{"0":{"start":{"line":1,"column":0},"end":{"line":1,"column":75}},"1":{"start":{"line":2,"column":0},"end":{"line":2,"column":45}},"2":{"start":{"line":6,"column":7},"end":{"line":24,"column":null}},"3":{"start":{"line":8,"column":4},"end":{"line":14,"column":7}},"4":{"start":{"line":18,"column":4},"end":{"line":18,"column":26}},"5":{"start":{"line":22,"column":4},"end":{"line":22,"column":29}},"6":{"start":{"line":6,"column":13},"end":{"line":6,"column":30}},"7":{"start":{"line":6,"column":13},"end":{"line":24,"column":null}}},"fnMap":{"0":{"name":"(anonymous_2)","decl":{"start":{"line":7,"column":2},"end":{"line":7,"column":null}},"loc":{"start":{"line":7,"column":2},"end":{"line":15,"column":3}}},"1":{"name":"(anonymous_3)","decl":{"start":{"line":17,"column":2},"end":{"line":17,"column":7}},"loc":{"start":{"line":17,"column":20},"end":{"line":19,"column":3}}},"2":{"name":"(anonymous_4)","decl":{"start":{"line":21,"column":2},"end":{"line":21,"column":7}},"loc":{"start":{"line":21,"column":23},"end":{"line":23,"column":3}}}},"branchMap":{"0":{"loc":{"start":{"line":11,"column":15},"end":{"line":11,"column":116}},"type":"binary-expr","locations":[{"start":{"line":11,"column":15},"end":{"line":11,"column":44}},{"start":{"line":11,"column":48},"end":{"line":11,"column":116}}]}},"s":{"0":5,"1":5,"2":5,"3":16,"4":16,"5":16,"6":5,"7":5},"f":{"0":16,"1":16,"2":16},"b":{"0":[16,16]}}
,"/Users/alexanderkottner/Desktop/SIRIUS/CloudChallenge/test/test-utils.ts": {"path":"/Users/alexanderkottner/Desktop/SIRIUS/CloudChallenge/test/test-utils.ts","statementMap":{"0":{"start":{"line":28,"column":0},"end":{"line":28,"column":7}},"1":{"start":{"line":68,"column":0},"end":{"line":68,"column":7}},"2":{"start":{"line":87,"column":0},"end":{"line":87,"column":7}},"3":{"start":{"line":98,"column":0},"end":{"line":98,"column":7}},"4":{"start":{"line":115,"column":0},"end":{"line":115,"column":16}},"5":{"start":{"line":128,"column":0},"end":{"line":128,"column":7}},"6":{"start":{"line":150,"column":0},"end":{"line":150,"column":16}},"7":{"start":{"line":2,"column":0},"end":{"line":2,"column":54}},"8":{"start":{"line":3,"column":0},"end":{"line":3,"column":48}},"9":{"start":{"line":4,"column":0},"end":{"line":4,"column":37}},"10":{"start":{"line":5,"column":0},"end":{"line":5,"column":35}},"11":{"start":{"line":6,"column":0},"end":{"line":6,"column":46}},"12":{"start":{"line":7,"column":0},"end":{"line":7,"column":63}},"13":{"start":{"line":8,"column":0},"end":{"line":8,"column":58}},"14":{"start":{"line":9,"column":0},"end":{"line":9,"column":65}},"15":{"start":{"line":10,"column":0},"end":{"line":10,"column":75}},"16":{"start":{"line":11,"column":0},"end":{"line":11,"column":73}},"17":{"start":{"line":12,"column":0},"end":{"line":12,"column":83}},"18":{"start":{"line":33,"column":2},"end":{"line":34,"column":73}},"19":{"start":{"line":36,"column":39},"end":{"line":45,"column":12}},"20":{"start":{"line":47,"column":14},"end":{"line":47,"column":51}},"21":{"start":{"line":48,"column":2},"end":{"line":54,"column":4}},"22":{"start":{"line":56,"column":24},"end":{"line":56,"column":71}},"23":{"start":{"line":57,"column":2},"end":{"line":57,"column":19}},"24":{"start":{"line":59,"column":2},"end":{"line":59,"column":32}},"25":{"start":{"line":72,"column":25},"end":{"line":72,"column":65}},"26":{"start":{"line":73,"column":2},"end":{"line":80,"column":5}},"27":{"start":{"line":88,"column":2},"end":{"line":88,"column":42}},"28":{"start":{"line":89,"column":2},"end":{"line":89,"column":42}},"29":{"start":{"line":102,"column":19},"end":{"line":104,"column":19}},"30":{"start":{"line":106,"column":2},"end":{"line":106,"column":36}},"31":{"start":{"line":116,"column":17},"end":{"line":116,"column":35}},"32":{"start":{"line":117,"column":2},"end":{"line":117,"column":19}},"33":{"start":{"line":118,"column":2},"end":{"line":118,"column":16}},"34":{"start":{"line":133,"column":19},"end":{"line":136,"column":29}},"35":{"start":{"line":138,"column":2},"end":{"line":141,"column":4}},"36":{"start":{"line":151,"column":2},"end":{"line":153,"column":3}},"37":{"start":{"line":152,"column":4},"end":{"line":152,"column":31}},"38":{"start":{"line":155,"column":2},"end":{"line":160,"column":3}},"39":{"start":{"line":156,"column":4},"end":{"line":158,"column":5}},"40":{"start":{"line":157,"column":6},"end":{"line":157,"column":19}},"41":{"start":{"line":159,"column":4},"end":{"line":159,"column":88}},"42":{"start":{"line":159,"column":43},"end":{"line":159,"column":86}},"43":{"start":{"line":162,"column":2},"end":{"line":167,"column":3}},"44":{"start":{"line":163,"column":4},"end":{"line":166,"column":7}},"45":{"start":{"line":164,"column":6},"end":{"line":165,"column":59}},"46":{"start":{"line":169,"column":2},"end":{"line":169,"column":29}}},"fnMap":{"0":{"name":"setupTestApp","decl":{"start":{"line":28,"column":22},"end":{"line":28,"column":34}},"loc":{"start":{"line":28,"column":34},"end":{"line":60,"column":1}}},"1":{"name":"createTestUser","decl":{"start":{"line":68,"column":22},"end":{"line":68,"column":36}},"loc":{"start":{"line":70,"column":20},"end":{"line":81,"column":1}}},"2":{"name":"cleanupTestDatabase","decl":{"start":{"line":87,"column":22},"end":{"line":87,"column":41}},"loc":{"start":{"line":87,"column":70},"end":{"line":90,"column":1}}},"3":{"name":"getJwtToken","decl":{"start":{"line":98,"column":22},"end":{"line":98,"column":33}},"loc":{"start":{"line":100,"column":50},"end":{"line":107,"column":1}}},"4":{"name":"generateMockFile","decl":{"start":{"line":115,"column":16},"end":{"line":115,"column":32}},"loc":{"start":{"line":115,"column":63},"end":{"line":119,"column":1}}},"5":{"name":"uploadTestFile","decl":{"start":{"line":128,"column":22},"end":{"line":128,"column":36}},"loc":{"start":{"line":131,"column":18},"end":{"line":142,"column":1}}},"6":{"name":"matchesResponsePattern","decl":{"start":{"line":150,"column":16},"end":{"line":150,"column":38}},"loc":{"start":{"line":150,"column":65},"end":{"line":170,"column":1}}},"7":{"name":"(anonymous_7)","decl":{"start":{"line":159,"column":26},"end":{"line":159,"column":27}},"loc":{"start":{"line":159,"column":43},"end":{"line":159,"column":86}}},"8":{"name":"(anonymous_8)","decl":{"start":{"line":163,"column":39},"end":{"line":163,"column":42}},"loc":{"start":{"line":163,"column":45},"end":{"line":166,"column":5}}}},"branchMap":{"0":{"loc":{"start":{"line":33,"column":29},"end":{"line":34,"column":72}},"type":"binary-expr","locations":[{"start":{"line":33,"column":29},"end":{"line":33,"column":58}},{"start":{"line":34,"column":4},"end":{"line":34,"column":72}}]},"1":{"loc":{"start":{"line":77,"column":15},"end":{"line":77,"column":40}},"type":"binary-expr","locations":[{"start":{"line":77,"column":15},"end":{"line":77,"column":31}},{"start":{"line":77,"column":35},"end":{"line":77,"column":40}}]},"2":{"loc":{"start":{"line":151,"column":2},"end":{"line":153,"column":3}},"type":"if","locations":[{"start":{"line":151,"column":2},"end":{"line":153,"column":3}}]},"3":{"loc":{"start":{"line":151,"column":6},"end":{"line":151,"column":49}},"type":"binary-expr","locations":[{"start":{"line":151,"column":6},"end":{"line":151,"column":23}},{"start":{"line":151,"column":27},"end":{"line":151,"column":49}}]},"4":{"loc":{"start":{"line":155,"column":2},"end":{"line":160,"column":3}},"type":"if","locations":[{"start":{"line":155,"column":2},"end":{"line":160,"column":3}}]},"5":{"loc":{"start":{"line":156,"column":4},"end":{"line":158,"column":5}},"type":"if","locations":[{"start":{"line":156,"column":4},"end":{"line":158,"column":5}}]},"6":{"loc":{"start":{"line":156,"column":8},"end":{"line":156,"column":67}},"type":"binary-expr","locations":[{"start":{"line":156,"column":8},"end":{"line":156,"column":30}},{"start":{"line":156,"column":34},"end":{"line":156,"column":67}}]},"7":{"loc":{"start":{"line":162,"column":2},"end":{"line":167,"column":3}},"type":"if","locations":[{"start":{"line":162,"column":2},"end":{"line":167,"column":3}}]},"8":{"loc":{"start":{"line":164,"column":13},"end":{"line":165,"column":58}},"type":"binary-expr","locations":[{"start":{"line":164,"column":13},"end":{"line":164,"column":62}},{"start":{"line":165,"column":8},"end":{"line":165,"column":58}}]}},"s":{"0":5,"1":5,"2":5,"3":5,"4":5,"5":5,"6":5,"7":5,"8":5,"9":5,"10":5,"11":5,"12":5,"13":5,"14":5,"15":5,"16":5,"17":5,"18":4,"19":4,"20":4,"21":4,"22":4,"23":4,"24":4,"25":6,"26":6,"27":28,"28":28,"29":0,"30":0,"31":0,"32":0,"33":0,"34":0,"35":0,"36":0,"37":0,"38":0,"39":0,"40":0,"41":0,"42":0,"43":0,"44":0,"45":0,"46":0},"f":{"0":4,"1":6,"2":28,"3":0,"4":0,"5":0,"6":0,"7":0,"8":0},"b":{"0":[4,4],"1":[6,3],"2":[0],"3":[0,0],"4":[0],"5":[0],"6":[0,0],"7":[0],"8":[0,0]}}
,"/Users/alexanderkottner/Desktop/SIRIUS/CloudChallenge/test/mocks/mock-aws-s3.provider.ts": {"path":"/Users/alexanderkottner/Desktop/SIRIUS/CloudChallenge/test/mocks/mock-aws-s3.provider.ts","statementMap":{"0":{"start":{"line":1,"column":0},"end":{"line":1,"column":52}},"1":{"start":{"line":3,"column":0},"end":{"line":3,"column":62}},"2":{"start":{"line":6,"column":30},"end":{"line":24,"column":null}},"3":{"start":{"line":8,"column":39},"end":{"line":8,"column":73}},"4":{"start":{"line":11,"column":4},"end":{"line":11,"column":12}},"5":{"start":{"line":12,"column":4},"end":{"line":12,"column":53}},"6":{"start":{"line":16,"column":4},"end":{"line":16,"column":60}},"7":{"start":{"line":17,"column":19},"end":{"line":17,"column":62}},"8":{"start":{"line":19,"column":4},"end":{"line":22,"column":6}},"9":{"start":{"line":6,"column":13},"end":{"line":6,"column":30}},"10":{"start":{"line":6,"column":13},"end":{"line":24,"column":null}}},"fnMap":{"0":{"name":"(anonymous_2)","decl":{"start":{"line":10,"column":2},"end":{"line":10,"column":null}},"loc":{"start":{"line":10,"column":2},"end":{"line":13,"column":3}}},"1":{"name":"(anonymous_3)","decl":{"start":{"line":15,"column":2},"end":{"line":15,"column":7}},"loc":{"start":{"line":15,"column":62},"end":{"line":23,"column":3}}}},"branchMap":{},"s":{"0":5,"1":5,"2":5,"3":8,"4":8,"5":8,"6":13,"7":13,"8":13,"9":5,"10":5},"f":{"0":8,"1":13},"b":{}}
,"/Users/alexanderkottner/Desktop/SIRIUS/CloudChallenge/test/mocks/mock-gcp-storage.provider.ts": {"path":"/Users/alexanderkottner/Desktop/SIRIUS/CloudChallenge/test/mocks/mock-gcp-storage.provider.ts","statementMap":{"0":{"start":{"line":1,"column":0},"end":{"line":1,"column":52}},"1":{"start":{"line":3,"column":0},"end":{"line":3,"column":62}},"2":{"start":{"line":6,"column":35},"end":{"line":24,"column":null}},"3":{"start":{"line":8,"column":39},"end":{"line":8,"column":78}},"4":{"start":{"line":11,"column":4},"end":{"line":11,"column":12}},"5":{"start":{"line":12,"column":4},"end":{"line":12,"column":58}},"6":{"start":{"line":16,"column":4},"end":{"line":16,"column":65}},"7":{"start":{"line":17,"column":19},"end":{"line":17,"column":62}},"8":{"start":{"line":19,"column":4},"end":{"line":22,"column":6}},"9":{"start":{"line":6,"column":13},"end":{"line":6,"column":35}},"10":{"start":{"line":6,"column":13},"end":{"line":24,"column":null}}},"fnMap":{"0":{"name":"(anonymous_2)","decl":{"start":{"line":10,"column":2},"end":{"line":10,"column":null}},"loc":{"start":{"line":10,"column":2},"end":{"line":13,"column":3}}},"1":{"name":"(anonymous_3)","decl":{"start":{"line":15,"column":2},"end":{"line":15,"column":7}},"loc":{"start":{"line":15,"column":62},"end":{"line":23,"column":3}}}},"branchMap":{},"s":{"0":5,"1":5,"2":5,"3":8,"4":8,"5":8,"6":1,"7":1,"8":1,"9":5,"10":5},"f":{"0":8,"1":1},"b":{}}
,"/Users/alexanderkottner/Desktop/SIRIUS/CloudChallenge/test/mocks/mock-storage.provider.ts": {"path":"/Users/alexanderkottner/Desktop/SIRIUS/CloudChallenge/test/mocks/mock-storage.provider.ts","statementMap":{"0":{"start":{"line":1,"column":0},"end":{"line":1,"column":52}},"1":{"start":{"line":2,"column":0},"end":{"line":2,"column":34}},"2":{"start":{"line":6,"column":32},"end":{"line":69,"column":null}},"3":{"start":{"line":7,"column":30},"end":{"line":7,"column":66}},"4":{"start":{"line":10,"column":39},"end":{"line":10,"column":48}},"5":{"start":{"line":11,"column":43},"end":{"line":11,"column":52}},"6":{"start":{"line":14,"column":4},"end":{"line":14,"column":55}},"7":{"start":{"line":18,"column":4},"end":{"line":18,"column":98}},"8":{"start":{"line":21,"column":4},"end":{"line":21,"column":30}},"9":{"start":{"line":22,"column":4},"end":{"line":22,"column":38}},"10":{"start":{"line":24,"column":4},"end":{"line":29,"column":6}},"11":{"start":{"line":33,"column":4},"end":{"line":33,"column":55}},"12":{"start":{"line":35,"column":17},"end":{"line":35,"column":36}},"13":{"start":{"line":36,"column":4},"end":{"line":39,"column":5}},"14":{"start":{"line":37,"column":6},"end":{"line":37,"column":50}},"15":{"start":{"line":38,"column":6},"end":{"line":38,"column":48}},"16":{"start":{"line":41,"column":21},"end":{"line":41,"column":74}},"17":{"start":{"line":42,"column":19},"end":{"line":42,"column":38}},"18":{"start":{"line":44,"column":4},"end":{"line":49,"column":6}},"19":{"start":{"line":53,"column":4},"end":{"line":53,"column":52}},"20":{"start":{"line":55,"column":4},"end":{"line":58,"column":5}},"21":{"start":{"line":56,"column":6},"end":{"line":56,"column":62}},"22":{"start":{"line":57,"column":6},"end":{"line":57,"column":19}},"23":{"start":{"line":60,"column":4},"end":{"line":60,"column":27}},"24":{"start":{"line":61,"column":4},"end":{"line":61,"column":31}},"25":{"start":{"line":62,"column":4},"end":{"line":62,"column":16}},"26":{"start":{"line":66,"column":4},"end":{"line":66,"column":72}},"27":{"start":{"line":67,"column":4},"end":{"line":67,"column":16}},"28":{"start":{"line":6,"column":13},"end":{"line":6,"column":32}},"29":{"start":{"line":6,"column":13},"end":{"line":69,"column":null}}},"fnMap":{"0":{"name":"(anonymous_2)","decl":{"start":{"line":13,"column":2},"end":{"line":13,"column":null}},"loc":{"start":{"line":13,"column":2},"end":{"line":15,"column":3}}},"1":{"name":"(anonymous_3)","decl":{"start":{"line":17,"column":2},"end":{"line":17,"column":7}},"loc":{"start":{"line":17,"column":62},"end":{"line":30,"column":3}}},"2":{"name":"(anonymous_4)","decl":{"start":{"line":32,"column":2},"end":{"line":32,"column":7}},"loc":{"start":{"line":32,"column":32},"end":{"line":50,"column":3}}},"3":{"name":"(anonymous_5)","decl":{"start":{"line":52,"column":2},"end":{"line":52,"column":7}},"loc":{"start":{"line":52,"column":30},"end":{"line":63,"column":3}}},"4":{"name":"(anonymous_6)","decl":{"start":{"line":65,"column":2},"end":{"line":65,"column":7}},"loc":{"start":{"line":65,"column":19},"end":{"line":68,"column":3}}}},"branchMap":{"0":{"loc":{"start":{"line":36,"column":4},"end":{"line":39,"column":5}},"type":"if","locations":[{"start":{"line":36,"column":4},"end":{"line":39,"column":5}}]},"1":{"loc":{"start":{"line":41,"column":21},"end":{"line":41,"column":74}},"type":"binary-expr","locations":[{"start":{"line":41,"column":21},"end":{"line":41,"column":44}},{"start":{"line":41,"column":48},"end":{"line":41,"column":74}}]},"2":{"loc":{"start":{"line":48,"column":16},"end":{"line":48,"column":50}},"type":"binary-expr","locations":[{"start":{"line":48,"column":16},"end":{"line":48,"column":36}},{"start":{"line":48,"column":40},"end":{"line":48,"column":50}}]},"3":{"loc":{"start":{"line":55,"column":4},"end":{"line":58,"column":5}},"type":"if","locations":[{"start":{"line":55,"column":4},"end":{"line":58,"column":5}}]}},"s":{"0":5,"1":5,"2":5,"3":16,"4":16,"5":16,"6":16,"7":14,"8":14,"9":14,"10":14,"11":1,"12":1,"13":1,"14":0,"15":0,"16":1,"17":1,"18":1,"19":1,"20":1,"21":0,"22":0,"23":1,"24":1,"25":1,"26":18,"27":18,"28":5,"29":5},"f":{"0":16,"1":14,"2":1,"3":1,"4":18},"b":{"0":[0],"1":[1,0],"2":[1,0],"3":[0]}}
}
