{"/Users/alexanderkottner/Desktop/SIRIUS/CloudChallenge/test/test-prisma.service.ts": {"path":"/Users/alexanderkottner/Desktop/SIRIUS/CloudChallenge/test/test-prisma.service.ts","statementMap":{"0":{"start":{"line":1,"column":0},"end":{"line":1,"column":75}},"1":{"start":{"line":2,"column":0},"end":{"line":2,"column":45}},"2":{"start":{"line":6,"column":7},"end":{"line":24,"column":null}},"3":{"start":{"line":8,"column":4},"end":{"line":14,"column":7}},"4":{"start":{"line":18,"column":4},"end":{"line":18,"column":26}},"5":{"start":{"line":22,"column":4},"end":{"line":22,"column":29}},"6":{"start":{"line":6,"column":13},"end":{"line":6,"column":30}},"7":{"start":{"line":6,"column":13},"end":{"line":24,"column":null}}},"fnMap":{"0":{"name":"(anonymous_2)","decl":{"start":{"line":7,"column":2},"end":{"line":7,"column":null}},"loc":{"start":{"line":7,"column":2},"end":{"line":15,"column":3}}},"1":{"name":"(anonymous_3)","decl":{"start":{"line":17,"column":2},"end":{"line":17,"column":7}},"loc":{"start":{"line":17,"column":20},"end":{"line":19,"column":3}}},"2":{"name":"(anonymous_4)","decl":{"start":{"line":21,"column":2},"end":{"line":21,"column":7}},"loc":{"start":{"line":21,"column":23},"end":{"line":23,"column":3}}}},"branchMap":{"0":{"loc":{"start":{"line":11,"column":15},"end":{"line":11,"column":116}},"type":"binary-expr","locations":[{"start":{"line":11,"column":15},"end":{"line":11,"column":44}},{"start":{"line":11,"column":48},"end":{"line":11,"column":116}}]}},"s":{"0":5,"1":5,"2":5,"3":16,"4":16,"5":16,"6":5,"7":5},"f":{"0":16,"1":16,"2":16},"b":{"0":[16,16]}}
,"/Users/alexanderkottner/Desktop/SIRIUS/CloudChallenge/test/test-utils.ts": {"path":"/Users/alexanderkottner/Desktop/SIRIUS/CloudChallenge/test/test-utils.ts","statementMap":{"0":{"start":{"line":23,"column":0},"end":{"line":23,"column":7}},"1":{"start":{"line":59,"column":0},"end":{"line":59,"column":7}},"2":{"start":{"line":78,"column":0},"end":{"line":78,"column":7}},"3":{"start":{"line":89,"column":0},"end":{"line":89,"column":7}},"4":{"start":{"line":106,"column":0},"end":{"line":106,"column":16}},"5":{"start":{"line":119,"column":0},"end":{"line":119,"column":7}},"6":{"start":{"line":141,"column":0},"end":{"line":141,"column":16}},"7":{"start":{"line":2,"column":0},"end":{"line":2,"column":54}},"8":{"start":{"line":3,"column":0},"end":{"line":3,"column":48}},"9":{"start":{"line":4,"column":0},"end":{"line":4,"column":37}},"10":{"start":{"line":5,"column":0},"end":{"line":5,"column":35}},"11":{"start":{"line":6,"column":0},"end":{"line":6,"column":46}},"12":{"start":{"line":7,"column":0},"end":{"line":7,"column":63}},"13":{"start":{"line":8,"column":0},"end":{"line":8,"column":58}},"14":{"start":{"line":28,"column":2},"end":{"line":29,"column":73}},"15":{"start":{"line":31,"column":39},"end":{"line":36,"column":12}},"16":{"start":{"line":38,"column":14},"end":{"line":38,"column":51}},"17":{"start":{"line":39,"column":2},"end":{"line":45,"column":4}},"18":{"start":{"line":47,"column":24},"end":{"line":47,"column":71}},"19":{"start":{"line":48,"column":2},"end":{"line":48,"column":19}},"20":{"start":{"line":50,"column":2},"end":{"line":50,"column":32}},"21":{"start":{"line":63,"column":25},"end":{"line":63,"column":65}},"22":{"start":{"line":64,"column":2},"end":{"line":71,"column":5}},"23":{"start":{"line":79,"column":2},"end":{"line":79,"column":42}},"24":{"start":{"line":80,"column":2},"end":{"line":80,"column":42}},"25":{"start":{"line":93,"column":19},"end":{"line":95,"column":19}},"26":{"start":{"line":97,"column":2},"end":{"line":97,"column":36}},"27":{"start":{"line":107,"column":17},"end":{"line":107,"column":35}},"28":{"start":{"line":108,"column":2},"end":{"line":108,"column":19}},"29":{"start":{"line":109,"column":2},"end":{"line":109,"column":16}},"30":{"start":{"line":124,"column":19},"end":{"line":127,"column":29}},"31":{"start":{"line":129,"column":2},"end":{"line":132,"column":4}},"32":{"start":{"line":142,"column":2},"end":{"line":144,"column":3}},"33":{"start":{"line":143,"column":4},"end":{"line":143,"column":31}},"34":{"start":{"line":146,"column":2},"end":{"line":151,"column":3}},"35":{"start":{"line":147,"column":4},"end":{"line":149,"column":5}},"36":{"start":{"line":148,"column":6},"end":{"line":148,"column":19}},"37":{"start":{"line":150,"column":4},"end":{"line":150,"column":88}},"38":{"start":{"line":150,"column":43},"end":{"line":150,"column":86}},"39":{"start":{"line":153,"column":2},"end":{"line":158,"column":3}},"40":{"start":{"line":154,"column":4},"end":{"line":157,"column":7}},"41":{"start":{"line":155,"column":6},"end":{"line":156,"column":59}},"42":{"start":{"line":160,"column":2},"end":{"line":160,"column":29}}},"fnMap":{"0":{"name":"setupTestApp","decl":{"start":{"line":23,"column":22},"end":{"line":23,"column":34}},"loc":{"start":{"line":23,"column":34},"end":{"line":51,"column":1}}},"1":{"name":"createTestUser","decl":{"start":{"line":59,"column":22},"end":{"line":59,"column":36}},"loc":{"start":{"line":61,"column":20},"end":{"line":72,"column":1}}},"2":{"name":"cleanupTestDatabase","decl":{"start":{"line":78,"column":22},"end":{"line":78,"column":41}},"loc":{"start":{"line":78,"column":70},"end":{"line":81,"column":1}}},"3":{"name":"getJwtToken","decl":{"start":{"line":89,"column":22},"end":{"line":89,"column":33}},"loc":{"start":{"line":91,"column":50},"end":{"line":98,"column":1}}},"4":{"name":"generateMockFile","decl":{"start":{"line":106,"column":16},"end":{"line":106,"column":32}},"loc":{"start":{"line":106,"column":63},"end":{"line":110,"column":1}}},"5":{"name":"uploadTestFile","decl":{"start":{"line":119,"column":22},"end":{"line":119,"column":36}},"loc":{"start":{"line":122,"column":18},"end":{"line":133,"column":1}}},"6":{"name":"matchesResponsePattern","decl":{"start":{"line":141,"column":16},"end":{"line":141,"column":38}},"loc":{"start":{"line":141,"column":65},"end":{"line":161,"column":1}}},"7":{"name":"(anonymous_7)","decl":{"start":{"line":150,"column":26},"end":{"line":150,"column":27}},"loc":{"start":{"line":150,"column":43},"end":{"line":150,"column":86}}},"8":{"name":"(anonymous_8)","decl":{"start":{"line":154,"column":39},"end":{"line":154,"column":42}},"loc":{"start":{"line":154,"column":45},"end":{"line":157,"column":5}}}},"branchMap":{"0":{"loc":{"start":{"line":28,"column":29},"end":{"line":29,"column":72}},"type":"binary-expr","locations":[{"start":{"line":28,"column":29},"end":{"line":28,"column":58}},{"start":{"line":29,"column":4},"end":{"line":29,"column":72}}]},"1":{"loc":{"start":{"line":68,"column":15},"end":{"line":68,"column":40}},"type":"binary-expr","locations":[{"start":{"line":68,"column":15},"end":{"line":68,"column":31}},{"start":{"line":68,"column":35},"end":{"line":68,"column":40}}]},"2":{"loc":{"start":{"line":142,"column":2},"end":{"line":144,"column":3}},"type":"if","locations":[{"start":{"line":142,"column":2},"end":{"line":144,"column":3}}]},"3":{"loc":{"start":{"line":142,"column":6},"end":{"line":142,"column":49}},"type":"binary-expr","locations":[{"start":{"line":142,"column":6},"end":{"line":142,"column":23}},{"start":{"line":142,"column":27},"end":{"line":142,"column":49}}]},"4":{"loc":{"start":{"line":146,"column":2},"end":{"line":151,"column":3}},"type":"if","locations":[{"start":{"line":146,"column":2},"end":{"line":151,"column":3}}]},"5":{"loc":{"start":{"line":147,"column":4},"end":{"line":149,"column":5}},"type":"if","locations":[{"start":{"line":147,"column":4},"end":{"line":149,"column":5}}]},"6":{"loc":{"start":{"line":147,"column":8},"end":{"line":147,"column":67}},"type":"binary-expr","locations":[{"start":{"line":147,"column":8},"end":{"line":147,"column":30}},{"start":{"line":147,"column":34},"end":{"line":147,"column":67}}]},"7":{"loc":{"start":{"line":153,"column":2},"end":{"line":158,"column":3}},"type":"if","locations":[{"start":{"line":153,"column":2},"end":{"line":158,"column":3}}]},"8":{"loc":{"start":{"line":155,"column":13},"end":{"line":156,"column":58}},"type":"binary-expr","locations":[{"start":{"line":155,"column":13},"end":{"line":155,"column":62}},{"start":{"line":156,"column":8},"end":{"line":156,"column":58}}]}},"s":{"0":5,"1":5,"2":5,"3":5,"4":5,"5":5,"6":5,"7":5,"8":5,"9":5,"10":5,"11":5,"12":5,"13":5,"14":4,"15":4,"16":4,"17":4,"18":4,"19":4,"20":4,"21":6,"22":6,"23":28,"24":28,"25":0,"26":0,"27":0,"28":0,"29":0,"30":0,"31":0,"32":0,"33":0,"34":0,"35":0,"36":0,"37":0,"38":0,"39":0,"40":0,"41":0,"42":0},"f":{"0":4,"1":6,"2":28,"3":0,"4":0,"5":0,"6":0,"7":0,"8":0},"b":{"0":[4,4],"1":[6,3],"2":[0],"3":[0,0],"4":[0],"5":[0],"6":[0,0],"7":[0],"8":[0,0]}}
,"/Users/alexanderkottner/Desktop/SIRIUS/CloudChallenge/test/mocks/mock-aws-s3.provider.ts": {"path":"/Users/alexanderkottner/Desktop/SIRIUS/CloudChallenge/test/mocks/mock-aws-s3.provider.ts","statementMap":{"0":{"start":{"line":1,"column":0},"end":{"line":1,"column":52}},"1":{"start":{"line":3,"column":0},"end":{"line":3,"column":62}},"2":{"start":{"line":6,"column":30},"end":{"line":24,"column":null}},"3":{"start":{"line":8,"column":39},"end":{"line":8,"column":73}},"4":{"start":{"line":11,"column":4},"end":{"line":11,"column":12}},"5":{"start":{"line":12,"column":4},"end":{"line":12,"column":53}},"6":{"start":{"line":16,"column":4},"end":{"line":16,"column":60}},"7":{"start":{"line":17,"column":19},"end":{"line":17,"column":62}},"8":{"start":{"line":19,"column":4},"end":{"line":22,"column":6}},"9":{"start":{"line":6,"column":13},"end":{"line":6,"column":30}},"10":{"start":{"line":6,"column":13},"end":{"line":24,"column":null}}},"fnMap":{"0":{"name":"(anonymous_2)","decl":{"start":{"line":10,"column":2},"end":{"line":10,"column":null}},"loc":{"start":{"line":10,"column":2},"end":{"line":13,"column":3}}},"1":{"name":"(anonymous_3)","decl":{"start":{"line":15,"column":2},"end":{"line":15,"column":7}},"loc":{"start":{"line":15,"column":62},"end":{"line":23,"column":3}}}},"branchMap":{},"s":{"0":2,"1":2,"2":2,"3":4,"4":4,"5":4,"6":1,"7":1,"8":1,"9":2,"10":2},"f":{"0":4,"1":1},"b":{}}
,"/Users/alexanderkottner/Desktop/SIRIUS/CloudChallenge/test/mocks/mock-gcp-storage.provider.ts": {"path":"/Users/alexanderkottner/Desktop/SIRIUS/CloudChallenge/test/mocks/mock-gcp-storage.provider.ts","statementMap":{"0":{"start":{"line":1,"column":0},"end":{"line":1,"column":52}},"1":{"start":{"line":3,"column":0},"end":{"line":3,"column":62}},"2":{"start":{"line":6,"column":35},"end":{"line":24,"column":null}},"3":{"start":{"line":8,"column":39},"end":{"line":8,"column":78}},"4":{"start":{"line":11,"column":4},"end":{"line":11,"column":12}},"5":{"start":{"line":12,"column":4},"end":{"line":12,"column":58}},"6":{"start":{"line":16,"column":4},"end":{"line":16,"column":65}},"7":{"start":{"line":17,"column":19},"end":{"line":17,"column":62}},"8":{"start":{"line":19,"column":4},"end":{"line":22,"column":6}},"9":{"start":{"line":6,"column":13},"end":{"line":6,"column":35}},"10":{"start":{"line":6,"column":13},"end":{"line":24,"column":null}}},"fnMap":{"0":{"name":"(anonymous_2)","decl":{"start":{"line":10,"column":2},"end":{"line":10,"column":null}},"loc":{"start":{"line":10,"column":2},"end":{"line":13,"column":3}}},"1":{"name":"(anonymous_3)","decl":{"start":{"line":15,"column":2},"end":{"line":15,"column":7}},"loc":{"start":{"line":15,"column":62},"end":{"line":23,"column":3}}}},"branchMap":{},"s":{"0":2,"1":2,"2":2,"3":4,"4":4,"5":4,"6":1,"7":1,"8":1,"9":2,"10":2},"f":{"0":4,"1":1},"b":{}}
,"/Users/alexanderkottner/Desktop/SIRIUS/CloudChallenge/test/mocks/mock-storage.provider.ts": {"path":"/Users/alexanderkottner/Desktop/SIRIUS/CloudChallenge/test/mocks/mock-storage.provider.ts","statementMap":{"0":{"start":{"line":1,"column":0},"end":{"line":1,"column":52}},"1":{"start":{"line":2,"column":0},"end":{"line":2,"column":34}},"2":{"start":{"line":6,"column":32},"end":{"line":69,"column":null}},"3":{"start":{"line":7,"column":30},"end":{"line":7,"column":66}},"4":{"start":{"line":10,"column":39},"end":{"line":10,"column":48}},"5":{"start":{"line":11,"column":43},"end":{"line":11,"column":52}},"6":{"start":{"line":14,"column":4},"end":{"line":14,"column":55}},"7":{"start":{"line":18,"column":4},"end":{"line":18,"column":98}},"8":{"start":{"line":21,"column":4},"end":{"line":21,"column":30}},"9":{"start":{"line":22,"column":4},"end":{"line":22,"column":38}},"10":{"start":{"line":24,"column":4},"end":{"line":29,"column":6}},"11":{"start":{"line":33,"column":4},"end":{"line":33,"column":55}},"12":{"start":{"line":35,"column":17},"end":{"line":35,"column":36}},"13":{"start":{"line":36,"column":4},"end":{"line":39,"column":5}},"14":{"start":{"line":37,"column":6},"end":{"line":37,"column":50}},"15":{"start":{"line":38,"column":6},"end":{"line":38,"column":48}},"16":{"start":{"line":41,"column":21},"end":{"line":41,"column":74}},"17":{"start":{"line":42,"column":19},"end":{"line":42,"column":38}},"18":{"start":{"line":44,"column":4},"end":{"line":49,"column":6}},"19":{"start":{"line":53,"column":4},"end":{"line":53,"column":52}},"20":{"start":{"line":55,"column":4},"end":{"line":58,"column":5}},"21":{"start":{"line":56,"column":6},"end":{"line":56,"column":62}},"22":{"start":{"line":57,"column":6},"end":{"line":57,"column":19}},"23":{"start":{"line":60,"column":4},"end":{"line":60,"column":27}},"24":{"start":{"line":61,"column":4},"end":{"line":61,"column":31}},"25":{"start":{"line":62,"column":4},"end":{"line":62,"column":16}},"26":{"start":{"line":66,"column":4},"end":{"line":66,"column":72}},"27":{"start":{"line":67,"column":4},"end":{"line":67,"column":16}},"28":{"start":{"line":6,"column":13},"end":{"line":6,"column":32}},"29":{"start":{"line":6,"column":13},"end":{"line":69,"column":null}}},"fnMap":{"0":{"name":"(anonymous_2)","decl":{"start":{"line":13,"column":2},"end":{"line":13,"column":null}},"loc":{"start":{"line":13,"column":2},"end":{"line":15,"column":3}}},"1":{"name":"(anonymous_3)","decl":{"start":{"line":17,"column":2},"end":{"line":17,"column":7}},"loc":{"start":{"line":17,"column":62},"end":{"line":30,"column":3}}},"2":{"name":"(anonymous_4)","decl":{"start":{"line":32,"column":2},"end":{"line":32,"column":7}},"loc":{"start":{"line":32,"column":32},"end":{"line":50,"column":3}}},"3":{"name":"(anonymous_5)","decl":{"start":{"line":52,"column":2},"end":{"line":52,"column":7}},"loc":{"start":{"line":52,"column":30},"end":{"line":63,"column":3}}},"4":{"name":"(anonymous_6)","decl":{"start":{"line":65,"column":2},"end":{"line":65,"column":7}},"loc":{"start":{"line":65,"column":19},"end":{"line":68,"column":3}}}},"branchMap":{"0":{"loc":{"start":{"line":36,"column":4},"end":{"line":39,"column":5}},"type":"if","locations":[{"start":{"line":36,"column":4},"end":{"line":39,"column":5}}]},"1":{"loc":{"start":{"line":41,"column":21},"end":{"line":41,"column":74}},"type":"binary-expr","locations":[{"start":{"line":41,"column":21},"end":{"line":41,"column":44}},{"start":{"line":41,"column":48},"end":{"line":41,"column":74}}]},"2":{"loc":{"start":{"line":48,"column":16},"end":{"line":48,"column":50}},"type":"binary-expr","locations":[{"start":{"line":48,"column":16},"end":{"line":48,"column":36}},{"start":{"line":48,"column":40},"end":{"line":48,"column":50}}]},"3":{"loc":{"start":{"line":55,"column":4},"end":{"line":58,"column":5}},"type":"if","locations":[{"start":{"line":55,"column":4},"end":{"line":58,"column":5}}]}},"s":{"0":2,"1":2,"2":2,"3":8,"4":8,"5":8,"6":8,"7":2,"8":2,"9":2,"10":2,"11":0,"12":0,"13":0,"14":0,"15":0,"16":0,"17":0,"18":0,"19":0,"20":0,"21":0,"22":0,"23":0,"24":0,"25":0,"26":5,"27":5,"28":2,"29":2},"f":{"0":8,"1":2,"2":0,"3":0,"4":5},"b":{"0":[0],"1":[0,0],"2":[0,0],"3":[0]}}
}
