TN:
SF:test/test-prisma.service.ts
FN:7,(anonymous_2)
FN:17,(anonymous_3)
FN:21,(anonymous_4)
FNF:3
FNH:3
FNDA:16,(anonymous_2)
FNDA:16,(anonymous_3)
FNDA:16,(anonymous_4)
DA:1,5
DA:2,5
DA:6,5
DA:8,16
DA:18,16
DA:22,16
LF:6
LH:6
BRDA:11,0,0,16
BRDA:11,0,1,16
BRF:2
BRH:2
end_of_record
TN:
SF:test/test-utils.ts
FN:28,setupTestApp
FN:68,createTestUser
FN:87,cleanupTestDatabase
FN:98,getJwtToken
FN:115,generateMockFile
FN:128,uploadTestFile
FN:150,matchesResponsePattern
FN:159,(anonymous_7)
FN:163,(anonymous_8)
FNF:9
FNH:3
FNDA:4,setupTestApp
FNDA:6,createTestUser
FNDA:28,cleanupTestDatabase
FNDA:0,getJwtToken
FNDA:0,generateMockFile
FNDA:0,uploadTestFile
FNDA:0,matchesResponsePattern
FNDA:0,(anonymous_7)
FNDA:0,(anonymous_8)
DA:2,5
DA:3,5
DA:4,5
DA:5,5
DA:6,5
DA:7,5
DA:8,5
DA:9,5
DA:10,5
DA:11,5
DA:12,5
DA:28,5
DA:33,4
DA:36,4
DA:47,4
DA:48,4
DA:56,4
DA:57,4
DA:59,4
DA:68,5
DA:72,6
DA:73,6
DA:87,5
DA:88,28
DA:89,28
DA:98,5
DA:102,0
DA:106,0
DA:115,5
DA:116,0
DA:117,0
DA:118,0
DA:128,5
DA:133,0
DA:138,0
DA:150,5
DA:151,0
DA:152,0
DA:155,0
DA:156,0
DA:157,0
DA:159,0
DA:162,0
DA:163,0
DA:164,0
DA:169,0
LF:46
LH:29
BRDA:33,0,0,4
BRDA:33,0,1,4
BRDA:77,1,0,6
BRDA:77,1,1,3
BRDA:151,2,0,0
BRDA:151,3,0,0
BRDA:151,3,1,0
BRDA:155,4,0,0
BRDA:156,5,0,0
BRDA:156,6,0,0
BRDA:156,6,1,0
BRDA:162,7,0,0
BRDA:164,8,0,0
BRDA:164,8,1,0
BRF:14
BRH:4
end_of_record
TN:
SF:test/mocks/mock-aws-s3.provider.ts
FN:10,(anonymous_2)
FN:15,(anonymous_3)
FNF:2
FNH:2
FNDA:8,(anonymous_2)
FNDA:13,(anonymous_3)
DA:1,5
DA:3,5
DA:6,5
DA:8,8
DA:11,8
DA:12,8
DA:16,13
DA:17,13
DA:19,13
LF:9
LH:9
BRF:0
BRH:0
end_of_record
TN:
SF:test/mocks/mock-gcp-storage.provider.ts
FN:10,(anonymous_2)
FN:15,(anonymous_3)
FNF:2
FNH:2
FNDA:8,(anonymous_2)
FNDA:1,(anonymous_3)
DA:1,5
DA:3,5
DA:6,5
DA:8,8
DA:11,8
DA:12,8
DA:16,1
DA:17,1
DA:19,1
LF:9
LH:9
BRF:0
BRH:0
end_of_record
TN:
SF:test/mocks/mock-storage.provider.ts
FN:13,(anonymous_2)
FN:17,(anonymous_3)
FN:32,(anonymous_4)
FN:52,(anonymous_5)
FN:65,(anonymous_6)
FNF:5
FNH:5
FNDA:16,(anonymous_2)
FNDA:14,(anonymous_3)
FNDA:1,(anonymous_4)
FNDA:1,(anonymous_5)
FNDA:18,(anonymous_6)
DA:1,5
DA:2,5
DA:6,5
DA:7,16
DA:10,16
DA:11,16
DA:14,16
DA:18,14
DA:21,14
DA:22,14
DA:24,14
DA:33,1
DA:35,1
DA:36,1
DA:37,0
DA:38,0
DA:41,1
DA:42,1
DA:44,1
DA:53,1
DA:55,1
DA:56,0
DA:57,0
DA:60,1
DA:61,1
DA:62,1
DA:66,18
DA:67,18
LF:28
LH:24
BRDA:36,0,0,0
BRDA:41,1,0,1
BRDA:41,1,1,0
BRDA:48,2,0,1
BRDA:48,2,1,0
BRDA:55,3,0,0
BRF:6
BRH:2
end_of_record
