TN:
SF:test/test-prisma.service.ts
FN:7,(anonymous_2)
FN:17,(anonymous_3)
FN:21,(anonymous_4)
FNF:3
FNH:3
FNDA:16,(anonymous_2)
FNDA:16,(anonymous_3)
FNDA:16,(anonymous_4)
DA:1,5
DA:2,5
DA:6,5
DA:8,16
DA:18,16
DA:22,16
LF:6
LH:6
BRDA:11,0,0,16
BRDA:11,0,1,16
BRF:2
BRH:2
end_of_record
TN:
SF:test/test-utils.ts
FN:23,setupTestApp
FN:59,createTestUser
FN:78,cleanupTestDatabase
FN:89,getJwtToken
FN:106,generateMockFile
FN:119,uploadTestFile
FN:141,matchesResponsePattern
FN:150,(anonymous_7)
FN:154,(anonymous_8)
FNF:9
FNH:3
FNDA:4,setupTestApp
FNDA:6,createTestUser
FNDA:28,cleanupTestDatabase
FNDA:0,getJwtToken
FNDA:0,generateMockFile
FNDA:0,uploadTestFile
FNDA:0,matchesResponsePattern
FNDA:0,(anonymous_7)
FNDA:0,(anonymous_8)
DA:2,5
DA:3,5
DA:4,5
DA:5,5
DA:6,5
DA:7,5
DA:8,5
DA:23,5
DA:28,4
DA:31,4
DA:38,4
DA:39,4
DA:47,4
DA:48,4
DA:50,4
DA:59,5
DA:63,6
DA:64,6
DA:78,5
DA:79,28
DA:80,28
DA:89,5
DA:93,0
DA:97,0
DA:106,5
DA:107,0
DA:108,0
DA:109,0
DA:119,5
DA:124,0
DA:129,0
DA:141,5
DA:142,0
DA:143,0
DA:146,0
DA:147,0
DA:148,0
DA:150,0
DA:153,0
DA:154,0
DA:155,0
DA:160,0
LF:42
LH:25
BRDA:28,0,0,4
BRDA:28,0,1,4
BRDA:68,1,0,6
BRDA:68,1,1,3
BRDA:142,2,0,0
BRDA:142,3,0,0
BRDA:142,3,1,0
BRDA:146,4,0,0
BRDA:147,5,0,0
BRDA:147,6,0,0
BRDA:147,6,1,0
BRDA:153,7,0,0
BRDA:155,8,0,0
BRDA:155,8,1,0
BRF:14
BRH:4
end_of_record
TN:
SF:test/mocks/mock-aws-s3.provider.ts
FN:10,(anonymous_2)
FN:15,(anonymous_3)
FNF:2
FNH:2
FNDA:4,(anonymous_2)
FNDA:1,(anonymous_3)
DA:1,2
DA:3,2
DA:6,2
DA:8,4
DA:11,4
DA:12,4
DA:16,1
DA:17,1
DA:19,1
LF:9
LH:9
BRF:0
BRH:0
end_of_record
TN:
SF:test/mocks/mock-gcp-storage.provider.ts
FN:10,(anonymous_2)
FN:15,(anonymous_3)
FNF:2
FNH:2
FNDA:4,(anonymous_2)
FNDA:1,(anonymous_3)
DA:1,2
DA:3,2
DA:6,2
DA:8,4
DA:11,4
DA:12,4
DA:16,1
DA:17,1
DA:19,1
LF:9
LH:9
BRF:0
BRH:0
end_of_record
TN:
SF:test/mocks/mock-storage.provider.ts
FN:13,(anonymous_2)
FN:17,(anonymous_3)
FN:32,(anonymous_4)
FN:52,(anonymous_5)
FN:65,(anonymous_6)
FNF:5
FNH:3
FNDA:8,(anonymous_2)
FNDA:2,(anonymous_3)
FNDA:0,(anonymous_4)
FNDA:0,(anonymous_5)
FNDA:5,(anonymous_6)
DA:1,2
DA:2,2
DA:6,2
DA:7,8
DA:10,8
DA:11,8
DA:14,8
DA:18,2
DA:21,2
DA:22,2
DA:24,2
DA:33,0
DA:35,0
DA:36,0
DA:37,0
DA:38,0
DA:41,0
DA:42,0
DA:44,0
DA:53,0
DA:55,0
DA:56,0
DA:57,0
DA:60,0
DA:61,0
DA:62,0
DA:66,5
DA:67,5
LF:28
LH:13
BRDA:36,0,0,0
BRDA:41,1,0,0
BRDA:41,1,1,0
BRDA:48,2,0,0
BRDA:48,2,1,0
BRDA:55,3,0,0
BRF:6
BRH:0
end_of_record
